#-----------------------------------------------------------
# Vivado v2018.3 (64-bit)
# SW Build 2405991 on Thu Dec  6 23:38:27 MST 2018
# IP Build 2404404 on Fri Dec  7 01:43:56 MST 2018
# Start of session at: Wed Jan 17 21:22:27 2024
# Process ID: 56472
# Current directory: C:/Users/Administrator/Desktop/CATL_Xilinx/TI_AfeIP/TI_AfeSim_Spi_Device
# Command line: vivado.exe -gui_launcher_event rodinguilauncherevent49716 C:\Users\Administrator\Desktop\CATL_Xilinx\TI_AfeIP\TI_AfeSim_Spi_Device\TI_AfeSim_Spi_Device.xpr
# Log file: C:/Users/Administrator/Desktop/CATL_Xilinx/TI_AfeIP/TI_AfeSim_Spi_Device/vivado.log
# Journal file: C:/Users/Administrator/Desktop/CATL_Xilinx/TI_AfeIP/TI_AfeSim_Spi_Device\vivado.jou
#-----------------------------------------------------------
start_gui
open_project C:/Users/Administrator/Desktop/CATL_Xilinx/TI_AfeIP/TI_AfeSim_Spi_Device/TI_AfeSim_Spi_Device.xpr
INFO: [Project 1-313] Project file moved from 'C:/Users/Administrator/Desktop/CATL_Xilinx/TI_AfeSim_Spi_Device' since last save.
Scanning sources...
Finished scanning sources
INFO: [IP_Flow 19-234] Refreshing IP repositories
INFO: [IP_Flow 19-1700] Loaded user IP repository 'c:/Users/Administrator/Desktop/CATL_Xilinx/TI_AfeIP/TI_AfeSim_Spi_Device/TI_AfeSim_Spi_Device.srcs/sources_1/new'.
INFO: [IP_Flow 19-2313] Loaded Vivado IP repository 'C:/Xilinx/Vivado/2018.3/data/ip'.
open_project: Time (s): cpu = 00:00:05 ; elapsed = 00:00:05 . Memory (MB): peak = 873.340 ; gain = 207.148
update_compile_order -fileset sources_1
ipx::open_ipxact_file {C:\Users\Administrator\Desktop\CATL_Xilinx\TI_AfeIP\TI_AfeSim_Spi_Device\TI_AfeSim_Spi_Device.srcs\sources_1\new\component.xml}
WARNING: [IP_Flow 19-5226] Project source file 'c:/Users/Administrator/Desktop/CATL_Xilinx/TI_AfeIP/TI_AfeSim_Spi_Device/TI_AfeSim_Spi_Device.srcs/sources_1/new/component.xml' ignored by IP packager.
WARNING: [IP_Flow 19-3898] File Group 'xilinx_anylanguagesynthesis (Synthesis)': File 'c:/Users/Users/Administrator/Desktop/CATL_Xilinx/TI_AfeSim_Spi_Device/TI_AfeSim_Spi_Device.srcs/sources_1/new/ti_spi_dev.v' is not found in the project sources. It will be removed from the packaged IP when the sources are merged. If still required, please add this file to the project and re-package.
WARNING: [IP_Flow 19-4308] Project file 'c:/Users/Administrator/Desktop/CATL_Xilinx/TI_AfeIP/TI_AfeSim_Spi_Device/TI_AfeSim_Spi_Device.srcs/sources_1/new/ti_spi_dev.v' is not found in the component files. It will be added automatically when merging sources and repackaging. Please remove the file from the source project if this is not desired.
WARNING: [IP_Flow 19-3898] File Group 'xilinx_anylanguagebehavioralsimulation (Simulation)': File 'c:/Users/Users/Administrator/Desktop/CATL_Xilinx/TI_AfeSim_Spi_Device/TI_AfeSim_Spi_Device.srcs/sources_1/new/ti_spi_dev.v' is not found in the project sources. It will be removed from the packaged IP when the sources are merged. If still required, please add this file to the project and re-package.
WARNING: [IP_Flow 19-4308] Project file 'c:/Users/Administrator/Desktop/CATL_Xilinx/TI_AfeIP/TI_AfeSim_Spi_Device/TI_AfeSim_Spi_Device.srcs/sources_1/new/ti_spi_dev.v' is not found in the component files. It will be added automatically when merging sources and repackaging. Please remove the file from the source project if this is not desired.
ipx::merge_project_changes ports [ipx::current_core]
WARNING: [IP_Flow 19-5226] Project source file 'c:/Users/Administrator/Desktop/CATL_Xilinx/TI_AfeIP/TI_AfeSim_Spi_Device/TI_AfeSim_Spi_Device.srcs/sources_1/new/component.xml' ignored by IP packager.
WARNING: [IP_Flow 19-5109] File Group 'xilinx_anylanguagesynthesis (Synthesis)': File 'c:/Users/Users/Administrator/Desktop/CATL_Xilinx/TI_AfeSim_Spi_Device/TI_AfeSim_Spi_Device.srcs/sources_1/new/ti_spi_dev.v' does not exist in the project sources. It has been removed from the packaged IP. If still required, please add this file to the project, merge sources and re-package.
WARNING: [IP_Flow 19-5109] File Group 'xilinx_anylanguagebehavioralsimulation (Simulation)': File 'c:/Users/Users/Administrator/Desktop/CATL_Xilinx/TI_AfeSim_Spi_Device/TI_AfeSim_Spi_Device.srcs/sources_1/new/ti_spi_dev.v' does not exist in the project sources. It has been removed from the packaged IP. If still required, please add this file to the project, merge sources and re-package.
set_property core_revision 3 [ipx::current_core]
ipx::create_xgui_files [ipx::current_core]
ipx::update_checksums [ipx::current_core]
ipx::save_core [ipx::current_core]
update_ip_catalog -rebuild -repo_path c:/Users/Administrator/Desktop/CATL_Xilinx/TI_AfeIP/TI_AfeSim_Spi_Device/TI_AfeSim_Spi_Device.srcs/sources_1/new
INFO: [IP_Flow 19-725] Reloaded user IP repository 'c:/Users/Administrator/Desktop/CATL_Xilinx/TI_AfeIP/TI_AfeSim_Spi_Device/TI_AfeSim_Spi_Device.srcs/sources_1/new'
exit
INFO: [Common 17-206] Exiting Vivado at Wed Jan 17 21:23:41 2024...
